0 info it worked if it ends with ok
1 verbose cli [ 'node',
1 verbose cli   '/usr/local/bin/npm',
1 verbose cli   'install',
1 verbose cli   'jQuery.XDomainRequest' ]
2 info using npm@1.4.26
3 info using node@v0.10.31
4 verbose node symlink /usr/local/bin/node
5 verbose readDependencies using package.json deps
6 verbose cache add [ 'jQuery.XDomainRequest', null ]
7 verbose cache add name=undefined spec="jQuery.XDomainRequest" args=["jQuery.XDomainRequest",null]
8 verbose parsed url { protocol: null,
8 verbose parsed url   slashes: null,
8 verbose parsed url   auth: null,
8 verbose parsed url   host: null,
8 verbose parsed url   port: null,
8 verbose parsed url   hostname: null,
8 verbose parsed url   hash: null,
8 verbose parsed url   search: null,
8 verbose parsed url   query: null,
8 verbose parsed url   pathname: 'jQuery.XDomainRequest',
8 verbose parsed url   path: 'jQuery.XDomainRequest',
8 verbose parsed url   href: 'jQuery.XDomainRequest' }
9 silly lockFile f0988062-jQuery-XDomainRequest jQuery.XDomainRequest
10 verbose lock jQuery.XDomainRequest /Users/gblight/.npm/f0988062-jQuery-XDomainRequest.lock
11 silly lockFile f0988062-jQuery-XDomainRequest jQuery.XDomainRequest
12 silly lockFile f0988062-jQuery-XDomainRequest jQuery.XDomainRequest
13 verbose addNamed [ 'jQuery.XDomainRequest', '' ]
14 verbose addNamed [ null, '*' ]
15 silly lockFile 84aa47b0-jQuery-XDomainRequest jQuery.XDomainRequest@
16 verbose lock jQuery.XDomainRequest@ /Users/gblight/.npm/84aa47b0-jQuery-XDomainRequest.lock
17 silly addNameRange { name: 'jQuery.XDomainRequest', range: '*', hasData: false }
18 verbose request where is /jQuery.XDomainRequest
19 verbose request registry https://registry.npmjs.org/
20 verbose request id 161fac9b13a84898
21 verbose url raw /jQuery.XDomainRequest
22 verbose url resolving [ 'https://registry.npmjs.org/', './jQuery.XDomainRequest' ]
23 verbose url resolved https://registry.npmjs.org/jQuery.XDomainRequest
24 verbose request where is https://registry.npmjs.org/jQuery.XDomainRequest
25 info trying registry request attempt 1 at 10:21:19
26 http GET https://registry.npmjs.org/jQuery.XDomainRequest
27 http 404 https://registry.npmjs.org/jQuery.XDomainRequest
28 verbose headers { date: 'Wed, 08 Oct 2014 09:21:19 GMT',
28 verbose headers   server: 'CouchDB/1.5.0 (Erlang OTP/R16B03)',
28 verbose headers   'content-type': 'application/json',
28 verbose headers   'cache-control': 'max-age=0',
28 verbose headers   'content-length': '52',
28 verbose headers   'accept-ranges': 'bytes',
28 verbose headers   via: '1.1 varnish',
28 verbose headers   age: '0',
28 verbose headers   'x-served-by': 'cache-lcy1131-LCY',
28 verbose headers   'x-cache': 'MISS',
28 verbose headers   'x-cache-hits': '0',
28 verbose headers   'x-timer': 'S1412760079.499982,VS0,VE162',
28 verbose headers   'keep-alive': 'timeout=10, max=50',
28 verbose headers   connection: 'Keep-Alive' }
29 silly registry.get cb [ 404,
29 silly registry.get   { date: 'Wed, 08 Oct 2014 09:21:19 GMT',
29 silly registry.get     server: 'CouchDB/1.5.0 (Erlang OTP/R16B03)',
29 silly registry.get     'content-type': 'application/json',
29 silly registry.get     'cache-control': 'max-age=0',
29 silly registry.get     'content-length': '52',
29 silly registry.get     'accept-ranges': 'bytes',
29 silly registry.get     via: '1.1 varnish',
29 silly registry.get     age: '0',
29 silly registry.get     'x-served-by': 'cache-lcy1131-LCY',
29 silly registry.get     'x-cache': 'MISS',
29 silly registry.get     'x-cache-hits': '0',
29 silly registry.get     'x-timer': 'S1412760079.499982,VS0,VE162',
29 silly registry.get     'keep-alive': 'timeout=10, max=50',
29 silly registry.get     connection: 'Keep-Alive' } ]
30 silly lockFile 84aa47b0-jQuery-XDomainRequest jQuery.XDomainRequest@
31 silly lockFile 84aa47b0-jQuery-XDomainRequest jQuery.XDomainRequest@
32 error 404 404 Not Found: jQuery.XDomainRequest
32 error 404
32 error 404 'jQuery.XDomainRequest' is not in the npm registry.
32 error 404 You should bug the author to publish it
32 error 404 It was specified as a dependency of 'Interactive-ebola'
32 error 404
32 error 404 Note that you can also install from a
32 error 404 tarball, folder, or http url, or git url.
33 error System Darwin 12.5.0
34 error command "node" "/usr/local/bin/npm" "install" "jQuery.XDomainRequest"
35 error cwd /Users/gblight/Sites/code/interactive-ebola
36 error node -v v0.10.31
37 error npm -v 1.4.26
38 error code E404
39 verbose exit [ 1, true ]
